<?xml version="1.0" encoding="UTF-8"?>
<!-- Generated by org.testng.reporters.JUnitReportReporter -->
<testsuite hostname="LAPTOP-PF6MPK7A" failures="0" tests="2" name="tests.AutomationExerciseTest" time="23.031" errors="0" timestamp="2025-06-01T15:20:43 IST" skipped="0">
  <testcase classname="tests.AutomationExerciseTest" name="verifyProductSearch" time="11.472"/>
  <testcase classname="tests.AutomationExerciseTest" name="verifyAddToCart" time="11.559"/>
</testsuite> <!-- tests.AutomationExerciseTest -->
